# JRE version: OpenJDK Runtime Environment Temurin-21.0.8+9 (21.0.8+9) (build 21.0.8+9-LTS)
# Java VM: OpenJDK 64-Bit Server VM Temurin-21.0.8+9 (21.0.8+9-LTS, mixed mode, sharing, tiered, compressed oops, compressed class ptrs, parallel gc, windows-amd64)
GC Precious Log:
 CardTable entry size: 512
 CPUs: 12 total, 12 available
 Memory: 7896M
 Large Page Support: Disabled
 NUMA Support: Disabled
 Compressed Oops: Enabled (32-bit)
 Alignments: Space 512K, Generation 512K, Heap 2M
 Heap Min Capacity: 100M
 Heap Initial Capacity: 100M
 Heap Max Capacity: 2G
 Pre-touch: Disabled
 Parallel Workers: 10
Heap:
 PSYoungGen      total 8192K, used 3558K [0x00000000d5580000, 0x00000000d5e80000, 0x0000000100000000)
  eden space 7680K, 43% used [0x00000000d5580000,0x00000000d58c1880,0x00000000d5d00000)
  from space 512K, 43% used [0x00000000d5d00000,0x00000000d5d38000,0x00000000d5d80000)
  to   space 512K, 0% used [0x00000000d5e00000,0x00000000d5e00000,0x00000000d5e80000)
 ParOldGen       total 1303040K, used 1302607K [0x0000000080000000, 0x00000000cf880000, 0x00000000d5580000)
  object space 1303040K, 99% used [0x0000000080000000,0x00000000cf813c20,0x00000000cf880000)
 Metaspace       used 108133K, committed 110272K, reserved 1179648K
  class space    used 10853K, committed 11840K, reserved 1048576K
GC Heap History (20 events):
Event: 4587.685 GC heap before
{Heap before GC invocations=6859 (full 12):
 PSYoungGen      total 8192K, used 8144K [0x00000000d5580000, 0x00000000d5e80000, 0x0000000100000000)
  eden space 7680K, 100% used [0x00000000d5580000,0x00000000d5d00000,0x00000000d5d00000)
  from space 512K, 90% used [0x00000000d5d80000,0x00000000d5df4010,0x00000000d5e00000)
  to   space 512K, 0% used [0x00000000d5e00000,0x00000000d5e00000,0x00000000d5e80000)
 ParOldGen       total 1302528K, used 1298392K [0x0000000080000000, 0x00000000cf800000, 0x00000000d5580000)
  object space 1302528K, 99% used [0x0000000080000000,0x00000000cf3f6160,0x00000000cf800000)
 Metaspace       used 108127K, committed 110208K, reserved 1179648K
  class space    used 10853K, committed 11840K, reserved 1048576K
}
Event: 4587.688 GC heap after
{Heap after GC invocations=6859 (full 12):
 PSYoungGen      total 8192K, used 288K [0x00000000d5580000, 0x00000000d5e80000, 0x0000000100000000)
  eden space 7680K, 0% used [0x00000000d5580000,0x00000000d5580000,0x00000000d5d00000)
  from space 512K, 56% used [0x00000000d5e00000,0x00000000d5e48000,0x00000000d5e80000)
  to   space 512K, 0% used [0x00000000d5d80000,0x00000000d5d80000,0x00000000d5e00000)
 ParOldGen       total 1302528K, used 1298456K [0x0000000080000000, 0x00000000cf800000, 0x00000000d5580000)
  object space 1302528K, 99% used [0x0000000080000000,0x00000000cf406160,0x00000000cf800000)
 Metaspace       used 108127K, committed 110208K, reserved 1179648K
  class space    used 10853K, committed 11840K, reserved 1048576K
}
Event: 4587.710 GC heap before
{Heap before GC invocations=6860 (full 12):
 PSYoungGen      total 8192K, used 7968K [0x00000000d5580000, 0x00000000d5e80000, 0x0000000100000000)
  eden space 7680K, 100% used [0x00000000d5580000,0x00000000d5d00000,0x00000000d5d00000)
  from space 512K, 56% used [0x00000000d5e00000,0x00000000d5e48000,0x00000000d5e80000)
  to   space 512K, 0% used [0x00000000d5d80000,0x00000000d5d80000,0x00000000d5e00000)
 ParOldGen       total 1302528K, used 1298456K [0x0000000080000000, 0x00000000cf800000, 0x00000000d5580000)
  object space 1302528K, 99% used [0x0000000080000000,0x00000000cf406160,0x00000000cf800000)
 Metaspace       used 108127K, committed 110208K, reserved 1179648K
  class space    used 10853K, committed 11840K, reserved 1048576K
}
Event: 4587.714 GC heap after
{Heap after GC invocations=6860 (full 12):
 PSYoungGen      total 8192K, used 506K [0x00000000d5580000, 0x00000000d6000000, 0x0000000100000000)
  eden space 7680K, 0% used [0x00000000d5580000,0x00000000d5580000,0x00000000d5d00000)
  from space 512K, 98% used [0x00000000d5d80000,0x00000000d5dfe900,0x00000000d5e00000)
  to   space 1536K, 0% used [0x00000000d5e80000,0x00000000d5e80000,0x00000000d6000000)
 ParOldGen       total 1302528K, used 1299127K [0x0000000080000000, 0x00000000cf800000, 0x00000000d5580000)
  object space 1302528K, 99% used [0x0000000080000000,0x00000000cf4adca0,0x00000000cf800000)
 Metaspace       used 108127K, committed 110208K, reserved 1179648K
  class space    used 10853K, committed 11840K, reserved 1048576K
}
Event: 4587.960 GC heap before
{Heap before GC invocations=6861 (full 12):
 PSYoungGen      total 8192K, used 8186K [0x00000000d5580000, 0x00000000d6000000, 0x0000000100000000)
  eden space 7680K, 100% used [0x00000000d5580000,0x00000000d5d00000,0x00000000d5d00000)
  from space 512K, 98% used [0x00000000d5d80000,0x00000000d5dfe900,0x00000000d5e00000)
  to   space 1536K, 0% used [0x00000000d5e80000,0x00000000d5e80000,0x00000000d6000000)
 ParOldGen       total 1302528K, used 1299127K [0x0000000080000000, 0x00000000cf800000, 0x00000000d5580000)
  object space 1302528K, 99% used [0x0000000080000000,0x00000000cf4adca0,0x00000000cf800000)
 Metaspace       used 108127K, committed 110208K, reserved 1179648K
  class space    used 10853K, committed 11840K, reserved 1048576K
}
Event: 4587.970 GC heap after
{Heap after GC invocations=6861 (full 12):
 PSYoungGen      total 9216K, used 1012K [0x00000000d5580000, 0x00000000d6000000, 0x0000000100000000)
  eden space 7680K, 0% used [0x00000000d5580000,0x00000000d5580000,0x00000000d5d00000)
  from space 1536K, 65% used [0x00000000d5e80000,0x00000000d5f7d200,0x00000000d6000000)
  to   space 1536K, 0% used [0x00000000d5d00000,0x00000000d5d00000,0x00000000d5e80000)
 ParOldGen       total 1302528K, used 1299633K [0x0000000080000000, 0x00000000cf800000, 0x00000000d5580000)
  object space 1302528K, 99% used [0x0000000080000000,0x00000000cf52c5a0,0x00000000cf800000)
 Metaspace       used 108127K, committed 110208K, reserved 1179648K
  class space    used 10853K, committed 11840K, reserved 1048576K
}
Event: 4588.093 GC heap before
{Heap before GC invocations=6862 (full 12):
 PSYoungGen      total 9216K, used 8692K [0x00000000d5580000, 0x00000000d6000000, 0x0000000100000000)
  eden space 7680K, 100% used [0x00000000d5580000,0x00000000d5d00000,0x00000000d5d00000)
  from space 1536K, 65% used [0x00000000d5e80000,0x00000000d5f7d200,0x00000000d6000000)
  to   space 1536K, 0% used [0x00000000d5d00000,0x00000000d5d00000,0x00000000d5e80000)
 ParOldGen       total 1302528K, used 1299633K [0x0000000080000000, 0x00000000cf800000, 0x00000000d5580000)
  object space 1302528K, 99% used [0x0000000080000000,0x00000000cf52c5a0,0x00000000cf800000)
 Metaspace       used 108127K, committed 110208K, reserved 1179648K
  class space    used 10853K, committed 11840K, reserved 1048576K
}
Event: 4588.097 GC heap after
{Heap after GC invocations=6862 (full 12):
 PSYoungGen      total 8704K, used 596K [0x00000000d5580000, 0x00000000d5f00000, 0x0000000100000000)
  eden space 7680K, 0% used [0x00000000d5580000,0x00000000d5580000,0x00000000d5d00000)
  from space 1024K, 58% used [0x00000000d5d00000,0x00000000d5d95200,0x00000000d5e00000)
  to   space 1024K, 0% used [0x00000000d5e00000,0x00000000d5e00000,0x00000000d5f00000)
 ParOldGen       total 1302528K, used 1300225K [0x0000000080000000, 0x00000000cf800000, 0x00000000d5580000)
  object space 1302528K, 99% used [0x0000000080000000,0x00000000cf5c05c0,0x00000000cf800000)
 Metaspace       used 108127K, committed 110208K, reserved 1179648K
  class space    used 10853K, committed 11840K, reserved 1048576K
}
Event: 4588.125 GC heap before
{Heap before GC invocations=6863 (full 12):
 PSYoungGen      total 8704K, used 8276K [0x00000000d5580000, 0x00000000d5f00000, 0x0000000100000000)
  eden space 7680K, 100% used [0x00000000d5580000,0x00000000d5d00000,0x00000000d5d00000)
  from space 1024K, 58% used [0x00000000d5d00000,0x00000000d5d95200,0x00000000d5e00000)
  to   space 1024K, 0% used [0x00000000d5e00000,0x00000000d5e00000,0x00000000d5f00000)
 ParOldGen       total 1302528K, used 1300225K [0x0000000080000000, 0x00000000cf800000, 0x00000000d5580000)
  object space 1302528K, 99% used [0x0000000080000000,0x00000000cf5c05c0,0x00000000cf800000)
 Metaspace       used 108127K, committed 110208K, reserved 1179648K
  class space    used 10853K, committed 11840K, reserved 1048576K
}
Event: 4588.128 GC heap after
{Heap after GC invocations=6863 (full 12):
 PSYoungGen      total 8704K, used 714K [0x00000000d5580000, 0x00000000d5f00000, 0x0000000100000000)
  eden space 7680K, 0% used [0x00000000d5580000,0x00000000d5580000,0x00000000d5d00000)
  from space 1024K, 69% used [0x00000000d5e00000,0x00000000d5eb2910,0x00000000d5f00000)
  to   space 1024K, 0% used [0x00000000d5d00000,0x00000000d5d00000,0x00000000d5e00000)
 ParOldGen       total 1302528K, used 1300313K [0x0000000080000000, 0x00000000cf800000, 0x00000000d5580000)
  object space 1302528K, 99% used [0x0000000080000000,0x00000000cf5d65c0,0x00000000cf800000)
 Metaspace       used 108127K, committed 110208K, reserved 1179648K
  class space    used 10853K, committed 11840K, reserved 1048576K
}
Event: 4590.584 GC heap before
{Heap before GC invocations=6864 (full 12):
 PSYoungGen      total 8704K, used 8394K [0x00000000d5580000, 0x00000000d5f00000, 0x0000000100000000)
  eden space 7680K, 100% used [0x00000000d5580000,0x00000000d5d00000,0x00000000d5d00000)
  from space 1024K, 69% used [0x00000000d5e00000,0x00000000d5eb2910,0x00000000d5f00000)
  to   space 1024K, 0% used [0x00000000d5d00000,0x00000000d5d00000,0x00000000d5e00000)
 ParOldGen       total 1302528K, used 1300313K [0x0000000080000000, 0x00000000cf800000, 0x00000000d5580000)
  object space 1302528K, 99% used [0x0000000080000000,0x00000000cf5d65c0,0x00000000cf800000)
 Metaspace       used 108130K, committed 110272K, reserved 1179648K
  class space    used 10853K, committed 11840K, reserved 1048576K
}
Event: 4590.590 GC heap after
{Heap after GC invocations=6864 (full 12):
 PSYoungGen      total 8704K, used 1017K [0x00000000d5580000, 0x00000000d6000000, 0x0000000100000000)
  eden space 7680K, 0% used [0x00000000d5580000,0x00000000d5580000,0x00000000d5d00000)
  from space 1024K, 99% used [0x00000000d5d00000,0x00000000d5dfe410,0x00000000d5e00000)
  to   space 1536K, 0% used [0x00000000d5e80000,0x00000000d5e80000,0x00000000d6000000)
 ParOldGen       total 1302528K, used 1300369K [0x0000000080000000, 0x00000000cf800000, 0x00000000d5580000)
  object space 1302528K, 99% used [0x0000000080000000,0x00000000cf5e45c0,0x00000000cf800000)
 Metaspace       used 108130K, committed 110272K, reserved 1179648K
  class space    used 10853K, committed 11840K, reserved 1048576K
}
Event: 4590.801 GC heap before
{Heap before GC invocations=6865 (full 12):
 PSYoungGen      total 8704K, used 8697K [0x00000000d5580000, 0x00000000d6000000, 0x0000000100000000)
  eden space 7680K, 100% used [0x00000000d5580000,0x00000000d5d00000,0x00000000d5d00000)
  from space 1024K, 99% used [0x00000000d5d00000,0x00000000d5dfe410,0x00000000d5e00000)
  to   space 1536K, 0% used [0x00000000d5e80000,0x00000000d5e80000,0x00000000d6000000)
 ParOldGen       total 1302528K, used 1300369K [0x0000000080000000, 0x00000000cf800000, 0x00000000d5580000)
  object space 1302528K, 99% used [0x0000000080000000,0x00000000cf5e45c0,0x00000000cf800000)
 Metaspace       used 108130K, committed 110272K, reserved 1179648K
  class space    used 10853K, committed 11840K, reserved 1048576K
}
Event: 4590.805 GC heap after
{Heap after GC invocations=6865 (full 12):
 PSYoungGen      total 9216K, used 1140K [0x00000000d5580000, 0x00000000d6000000, 0x0000000100000000)
  eden space 7680K, 0% used [0x00000000d5580000,0x00000000d5580000,0x00000000d5d00000)
  from space 1536K, 74% used [0x00000000d5e80000,0x00000000d5f9d200,0x00000000d6000000)
  to   space 1536K, 0% used [0x00000000d5d00000,0x00000000d5d00000,0x00000000d5e80000)
 ParOldGen       total 1302528K, used 1301182K [0x0000000080000000, 0x00000000cf800000, 0x00000000d5580000)
  object space 1302528K, 99% used [0x0000000080000000,0x00000000cf6af9f0,0x00000000cf800000)
 Metaspace       used 108130K, committed 110272K, reserved 1179648K
  class space    used 10853K, committed 11840K, reserved 1048576K
}
Event: 4590.960 GC heap before
{Heap before GC invocations=6866 (full 12):
 PSYoungGen      total 9216K, used 8820K [0x00000000d5580000, 0x00000000d6000000, 0x0000000100000000)
  eden space 7680K, 100% used [0x00000000d5580000,0x00000000d5d00000,0x00000000d5d00000)
  from space 1536K, 74% used [0x00000000d5e80000,0x00000000d5f9d200,0x00000000d6000000)
  to   space 1536K, 0% used [0x00000000d5d00000,0x00000000d5d00000,0x00000000d5e80000)
 ParOldGen       total 1302528K, used 1301182K [0x0000000080000000, 0x00000000cf800000, 0x00000000d5580000)
  object space 1302528K, 99% used [0x0000000080000000,0x00000000cf6af9f0,0x00000000cf800000)
 Metaspace       used 108130K, committed 110272K, reserved 1179648K
  class space    used 10853K, committed 11840K, reserved 1048576K
}
Event: 4590.965 GC heap after
{Heap after GC invocations=6866 (full 12):
 PSYoungGen      total 8192K, used 378K [0x00000000d5580000, 0x00000000d5f00000, 0x0000000100000000)
  eden space 7680K, 0% used [0x00000000d5580000,0x00000000d5580000,0x00000000d5d00000)
  from space 512K, 73% used [0x00000000d5d00000,0x00000000d5d5e900,0x00000000d5d80000)
  to   space 1024K, 0% used [0x00000000d5e00000,0x00000000d5e00000,0x00000000d5f00000)
 ParOldGen       total 1302528K, used 1302199K [0x0000000080000000, 0x00000000cf800000, 0x00000000d5580000)
  object space 1302528K, 99% used [0x0000000080000000,0x00000000cf7adc10,0x00000000cf800000)
 Metaspace       used 108130K, committed 110272K, reserved 1179648K
  class space    used 10853K, committed 11840K, reserved 1048576K
}
Event: 4592.639 GC heap before
{Heap before GC invocations=6867 (full 12):
 PSYoungGen      total 8192K, used 7441K [0x00000000d5580000, 0x00000000d5f00000, 0x0000000100000000)
  eden space 7680K, 91% used [0x00000000d5580000,0x00000000d5c65ef8,0x00000000d5d00000)
  from space 512K, 73% used [0x00000000d5d00000,0x00000000d5d5e900,0x00000000d5d80000)
  to   space 1024K, 0% used [0x00000000d5e00000,0x00000000d5e00000,0x00000000d5f00000)
 ParOldGen       total 1302528K, used 1302199K [0x0000000080000000, 0x00000000cf800000, 0x00000000d5580000)
  object space 1302528K, 99% used [0x0000000080000000,0x00000000cf7adc10,0x00000000cf800000)
 Metaspace       used 108130K, committed 110272K, reserved 1179648K
  class space    used 10853K, committed 11840K, reserved 1048576K
}
Event: 4592.643 GC heap after
{Heap after GC invocations=6867 (full 12):
 PSYoungGen      total 8192K, used 416K [0x00000000d5580000, 0x00000000d5e80000, 0x0000000100000000)
  eden space 7680K, 0% used [0x00000000d5580000,0x00000000d5580000,0x00000000d5d00000)
  from space 512K, 81% used [0x00000000d5e00000,0x00000000d5e68000,0x00000000d5e80000)
  to   space 512K, 0% used [0x00000000d5d00000,0x00000000d5d00000,0x00000000d5d80000)
 ParOldGen       total 1302528K, used 1302391K [0x0000000080000000, 0x00000000cf800000, 0x00000000d5580000)
  object space 1302528K, 99% used [0x0000000080000000,0x00000000cf7ddc10,0x00000000cf800000)
 Metaspace       used 108130K, committed 110272K, reserved 1179648K
  class space    used 10853K, committed 11840K, reserved 1048576K
}
Event: 4592.725 GC heap before
{Heap before GC invocations=6868 (full 12):
 PSYoungGen      total 8192K, used 8092K [0x00000000d5580000, 0x00000000d5e80000, 0x0000000100000000)
  eden space 7680K, 99% used [0x00000000d5580000,0x00000000d5cff368,0x00000000d5d00000)
  from space 512K, 81% used [0x00000000d5e00000,0x00000000d5e68000,0x00000000d5e80000)
  to   space 512K, 0% used [0x00000000d5d00000,0x00000000d5d00000,0x00000000d5d80000)
 ParOldGen       total 1302528K, used 1302391K [0x0000000080000000, 0x00000000cf800000, 0x00000000d5580000)
  object space 1302528K, 99% used [0x0000000080000000,0x00000000cf7ddc10,0x00000000cf800000)
 Metaspace       used 108130K, committed 110272K, reserved 1179648K
  class space    used 10853K, committed 11840K, reserved 1048576K
}
Event: 4592.729 GC heap after
{Heap after GC invocations=6868 (full 12):
 PSYoungGen      total 8192K, used 224K [0x00000000d5580000, 0x00000000d5e80000, 0x0000000100000000)
  eden space 7680K, 0% used [0x00000000d5580000,0x00000000d5580000,0x00000000d5d00000)
  from space 512K, 43% used [0x00000000d5d00000,0x00000000d5d38000,0x00000000d5d80000)
  to   space 512K, 0% used [0x00000000d5e00000,0x00000000d5e00000,0x00000000d5e80000)
 ParOldGen       total 1303040K, used 1302607K [0x0000000080000000, 0x00000000cf880000, 0x00000000d5580000)
  object space 1303040K, 99% used [0x0000000080000000,0x00000000cf813c20,0x00000000cf880000)
 Metaspace       used 108130K, committed 110272K, reserved 1179648K
  class space    used 10853K, committed 11840K, reserved 1048576K
}

